app/build/intermediates/manifest_merge_blame_file/debug/manifest-merger-blame-debug-report.txt
1<?xml version="1.0" encoding="utf-8"?>
2<manifest xmlns:android="http://schemas.android.com/apk/res/android"
3    package="com.windigitalkhatulistiwa.laundrymitra"
4    android:versionCode="1"
5    android:versionName="0.0.1" >
6
7    <uses-sdk
8        android:minSdkVersion="23"
8-->src/main/AndroidManifest.xml
9        android:targetSdkVersion="30" />
9-->src/main/AndroidManifest.xml
10
11    <uses-permission android:name="android.permission.WAKE_LOCK" />
11-->src/main/AndroidManifest.xml:6:5-68
11-->src/main/AndroidManifest.xml:6:22-65
12    <uses-permission android:name="android.permission.ACCESS_NETWORK_STATE" />
12-->src/main/AndroidManifest.xml:7:5-79
12-->src/main/AndroidManifest.xml:7:22-76
13    <uses-permission android:name="android.permission.ACCESS_FINE_LOCATION" />
13-->src/main/AndroidManifest.xml:8:5-79
13-->src/main/AndroidManifest.xml:8:22-76
14    <uses-permission android:name="android.permission.CALL_PHONE" />
14-->src/main/AndroidManifest.xml:9:5-69
14-->src/main/AndroidManifest.xml:9:22-66
15    <uses-permission android:name="android.permission.CAMERA" />
15-->src/main/AndroidManifest.xml:10:5-65
15-->src/main/AndroidManifest.xml:10:22-62
16    <uses-permission android:name="android.permission.WRITE_EXTERNAL_STORAGE" />
16-->src/main/AndroidManifest.xml:11:5-81
16-->src/main/AndroidManifest.xml:11:22-78
17    <uses-permission android:name="android.permission.READ_EXTERNAL_STORAGE" />
17-->src/main/AndroidManifest.xml:12:5-80
17-->src/main/AndroidManifest.xml:12:22-77
18    <uses-permission android:name="android.permission.INTERNET" />
18-->[net.gotev:uploadservice:2.1] AndroidManifest.xml:11:5-67
18-->[net.gotev:uploadservice:2.1] AndroidManifest.xml:11:22-64
19    <uses-permission android:name="android.permission.ACCESS_COARSE_LOCATION" />
19-->[com.schibstedspain.android:leku:6.4.0] AndroidManifest.xml:26:5-81
19-->[com.schibstedspain.android:leku:6.4.0] AndroidManifest.xml:26:22-78
20    <uses-permission android:name="android.permission.ACCESS_WIFI_STATE" />
20-->[com.google.android.libraries.places:places-compat:2.4.0] AndroidManifest.xml:10:5-76
20-->[com.google.android.libraries.places:places-compat:2.4.0] AndroidManifest.xml:10:22-73
21
22    <uses-feature
22-->[com.google.android.gms:play-services-maps:17.0.0] AndroidManifest.xml:26:5-28:35
23        android:glEsVersion="0x00020000"
23-->[com.google.android.gms:play-services-maps:17.0.0] AndroidManifest.xml:27:9-41
24        android:required="true" />
24-->[com.google.android.gms:play-services-maps:17.0.0] AndroidManifest.xml:28:9-32
25
26    <uses-permission android:name="com.google.android.finsky.permission.BIND_GET_INSTALL_REFERRER_SERVICE" /> <!-- Required by older versions of Google Play services to create IID tokens -->
26-->[com.google.android.gms:play-services-measurement:18.0.0] AndroidManifest.xml:26:5-110
26-->[com.google.android.gms:play-services-measurement:18.0.0] AndroidManifest.xml:26:22-107
27    <uses-permission android:name="com.google.android.c2dm.permission.RECEIVE" />
27-->[com.google.firebase:firebase-iid:21.0.1] AndroidManifest.xml:26:5-82
27-->[com.google.firebase:firebase-iid:21.0.1] AndroidManifest.xml:26:22-79
28
29    <application
29-->src/main/AndroidManifest.xml:14:5-204:19
30        android:name="com.samyotech.laundrymitra.GlobalState"
30-->src/main/AndroidManifest.xml:15:9-36
31        android:allowBackup="true"
31-->src/main/AndroidManifest.xml:16:9-35
32        android:appComponentFactory="androidx.core.app.CoreComponentFactory"
32-->[androidx.core:core:1.3.1] AndroidManifest.xml:24:18-86
33        android:debuggable="true"
34        android:extractNativeLibs="false"
35        android:icon="@mipmap/ic_launcher"
35-->src/main/AndroidManifest.xml:17:9-43
36        android:label="@string/app_name"
36-->src/main/AndroidManifest.xml:18:9-41
37        android:largeHeap="true"
37-->src/main/AndroidManifest.xml:19:9-33
38        android:requestLegacyExternalStorage="true"
38-->src/main/AndroidManifest.xml:20:9-52
39        android:roundIcon="@mipmap/ic_launcher_round"
39-->src/main/AndroidManifest.xml:21:9-54
40        android:supportsRtl="true"
40-->src/main/AndroidManifest.xml:22:9-35
41        android:testOnly="true"
42        android:theme="@style/AppTheme"
42-->src/main/AndroidManifest.xml:23:9-40
43        android:usesCleartextTraffic="true" >
43-->src/main/AndroidManifest.xml:24:9-44
44        <activity android:name="com.samyotech.laundrymitra.ui.activity.register.RegisterMitraActivity" />
44-->src/main/AndroidManifest.xml:26:9-89
44-->src/main/AndroidManifest.xml:26:19-77
45        <activity android:name="com.samyotech.laundrymitra.ui.activity.register.UploadKtpActivity" />
45-->src/main/AndroidManifest.xml:27:9-76
45-->src/main/AndroidManifest.xml:27:19-73
46        <activity
46-->src/main/AndroidManifest.xml:28:9-32:64
47            android:name="com.samyotech.laundrymitra.ui.activity.register.OtpActivity"
47-->src/main/AndroidManifest.xml:29:13-61
48            android:launchMode="singleTop"
48-->src/main/AndroidManifest.xml:30:13-43
49            android:screenOrientation="portrait"
49-->src/main/AndroidManifest.xml:31:13-49
50            android:windowSoftInputMode="stateAlwaysVisible" />
50-->src/main/AndroidManifest.xml:32:13-61
51        <activity android:name="com.samyotech.laundrymitra.ui.activity.SuksesRegisterActivity" />
51-->src/main/AndroidManifest.xml:33:9-72
51-->src/main/AndroidManifest.xml:33:19-69
52        <activity
52-->src/main/AndroidManifest.xml:34:9-36:60
53            android:name="com.samyotech.laundrymitra.ui.activity.About"
53-->src/main/AndroidManifest.xml:35:13-46
54            android:label="@string/title_activity_about" />
54-->src/main/AndroidManifest.xml:36:13-57
55        <activity android:name="com.samyotech.laundrymitra.ui.activity.AllServices" />
55-->src/main/AndroidManifest.xml:37:9-61
55-->src/main/AndroidManifest.xml:37:19-58
56        <activity
56-->src/main/AndroidManifest.xml:38:9-40:46
57            android:name="com.samyotech.laundrymitra.ui.activity.NotificationActivity"
57-->src/main/AndroidManifest.xml:39:13-61
58            android:launchMode="singleTop" />
58-->src/main/AndroidManifest.xml:40:13-43
59        <activity
59-->src/main/AndroidManifest.xml:41:9-43:46
60            android:name="com.samyotech.laundrymitra.ui.activity.SearchActivity"
60-->src/main/AndroidManifest.xml:42:13-55
61            android:launchMode="singleTop" />
61-->src/main/AndroidManifest.xml:43:13-43
62        <activity
62-->src/main/AndroidManifest.xml:44:9-46:46
63            android:name="com.samyotech.laundrymitra.ui.activity.OrderDetails"
63-->src/main/AndroidManifest.xml:45:13-53
64            android:launchMode="singleTop" />
64-->src/main/AndroidManifest.xml:46:13-43
65        <activity android:name="com.samyotech.laundrymitra.ui.activity.BookingConfirmActivity" />
65-->src/main/AndroidManifest.xml:47:9-72
65-->src/main/AndroidManifest.xml:47:19-69
66        <activity android:name="com.samyotech.laundrymitra.ui.activity.BookingPaymentActivity" />
66-->src/main/AndroidManifest.xml:48:9-72
66-->src/main/AndroidManifest.xml:48:19-69
67        <activity android:name="com.samyotech.laundrymitra.ui.activity.BookingPickDateTimeActivity" />
67-->src/main/AndroidManifest.xml:49:9-77
67-->src/main/AndroidManifest.xml:49:19-74
68        <activity android:name="com.samyotech.laundrymitra.ui.activity.BookingPickAddressActivity" />
68-->src/main/AndroidManifest.xml:50:9-76
68-->src/main/AndroidManifest.xml:50:19-73
69        <activity android:name="com.samyotech.laundrymitra.ui.activity.PreviewOrderActivity" />
69-->src/main/AndroidManifest.xml:51:9-70
69-->src/main/AndroidManifest.xml:51:19-67
70        <activity android:name="com.samyotech.laundrymitra.ui.activity.Schedule_Activity" />
70-->src/main/AndroidManifest.xml:52:9-67
70-->src/main/AndroidManifest.xml:52:19-64
71        <activity
71-->src/main/AndroidManifest.xml:53:9-55:46
72            android:name="com.samyotech.laundrymitra.ui.activity.ShopAcitivity"
72-->src/main/AndroidManifest.xml:54:13-54
73            android:launchMode="singleTop" />
73-->src/main/AndroidManifest.xml:55:13-43
74
75        <meta-data
75-->src/main/AndroidManifest.xml:57:9-59:71
76            android:name="com.google.android.geo.API_KEY"
76-->src/main/AndroidManifest.xml:58:13-58
77            android:value="AIzaSyBjwJISIDoiwfMcS9ue6RwZ-GsvLhp2seg" />
77-->src/main/AndroidManifest.xml:59:13-68
78
79        <activity
79-->src/main/AndroidManifest.xml:61:9-66:63
80            android:name="com.samyotech.laundrymitra.ui.activity.WelcomeScreens"
80-->src/main/AndroidManifest.xml:62:13-55
81            android:exported="true"
81-->src/main/AndroidManifest.xml:63:13-36
82            android:launchMode="singleTop"
82-->src/main/AndroidManifest.xml:64:13-43
83            android:screenOrientation="portrait"
83-->src/main/AndroidManifest.xml:65:13-49
84            android:windowSoftInputMode="stateAlwaysHidden" />
84-->src/main/AndroidManifest.xml:66:13-60
85        <activity
85-->src/main/AndroidManifest.xml:67:9-71:63
86            android:name="com.samyotech.laundrymitra.ui.activity.ManageProfile"
86-->src/main/AndroidManifest.xml:68:13-54
87            android:launchMode="singleTop"
87-->src/main/AndroidManifest.xml:69:13-43
88            android:screenOrientation="portrait"
88-->src/main/AndroidManifest.xml:70:13-49
89            android:windowSoftInputMode="stateAlwaysHidden" />
89-->src/main/AndroidManifest.xml:71:13-60
90        <activity
90-->src/main/AndroidManifest.xml:72:9-76:63
91            android:name="com.samyotech.laundrymitra.ui.activity.TicketChatActivity"
91-->src/main/AndroidManifest.xml:73:13-59
92            android:launchMode="singleTop"
92-->src/main/AndroidManifest.xml:74:13-43
93            android:screenOrientation="portrait"
93-->src/main/AndroidManifest.xml:75:13-49
94            android:windowSoftInputMode="stateAlwaysHidden" />
94-->src/main/AndroidManifest.xml:76:13-60
95        <activity
95-->src/main/AndroidManifest.xml:77:9-79:52
96            android:name="com.samyotech.laundrymitra.ui.activity.Dashboard"
96-->src/main/AndroidManifest.xml:78:13-50
97            android:screenOrientation="portrait" />
97-->src/main/AndroidManifest.xml:79:13-49
98        <activity
98-->src/main/AndroidManifest.xml:80:9-83:52
99            android:name="com.samyotech.laundrymitra.ui.activity.ForgotPassword"
99-->src/main/AndroidManifest.xml:81:13-55
100            android:launchMode="singleTop"
100-->src/main/AndroidManifest.xml:82:13-43
101            android:screenOrientation="portrait" />
101-->src/main/AndroidManifest.xml:83:13-49
102        <activity
102-->src/main/AndroidManifest.xml:84:9-87:52
103            android:name="com.samyotech.laundrymitra.ui.activity.login.Login"
103-->src/main/AndroidManifest.xml:85:13-52
104            android:launchMode="singleTop"
104-->src/main/AndroidManifest.xml:86:13-43
105            android:screenOrientation="portrait" />
105-->src/main/AndroidManifest.xml:87:13-49
106        <activity
106-->src/main/AndroidManifest.xml:88:9-91:52
107            android:name="com.samyotech.laundrymitra.ui.activity.TopServices"
107-->src/main/AndroidManifest.xml:89:13-52
108            android:launchMode="singleTop"
108-->src/main/AndroidManifest.xml:90:13-43
109            android:screenOrientation="portrait" />
109-->src/main/AndroidManifest.xml:91:13-49
110        <activity
110-->src/main/AndroidManifest.xml:92:9-95:52
111            android:name="com.samyotech.laundrymitra.ui.activity.register.Register"
111-->src/main/AndroidManifest.xml:93:13-58
112            android:launchMode="singleTop"
112-->src/main/AndroidManifest.xml:94:13-43
113            android:screenOrientation="portrait" />
113-->src/main/AndroidManifest.xml:95:13-49
114        <activity
114-->src/main/AndroidManifest.xml:96:9-99:52
115            android:name="com.samyotech.laundrymitra.ui.activity.ChatActivity"
115-->src/main/AndroidManifest.xml:97:13-53
116            android:launchMode="singleTop"
116-->src/main/AndroidManifest.xml:98:13-43
117            android:screenOrientation="portrait" />
117-->src/main/AndroidManifest.xml:99:13-49
118        <activity
118-->src/main/AndroidManifest.xml:100:9-103:52
119            android:name="com.samyotech.laundrymitra.ui.activity.TicketsActivity"
119-->src/main/AndroidManifest.xml:101:13-56
120            android:launchMode="singleTop"
120-->src/main/AndroidManifest.xml:102:13-43
121            android:screenOrientation="portrait" />
121-->src/main/AndroidManifest.xml:103:13-49
122        <activity
122-->src/main/AndroidManifest.xml:104:9-107:52
123            android:name="com.samyotech.laundrymitra.ui.activity.ChangPassword"
123-->src/main/AndroidManifest.xml:105:13-54
124            android:launchMode="singleTop"
124-->src/main/AndroidManifest.xml:106:13-43
125            android:screenOrientation="portrait" />
125-->src/main/AndroidManifest.xml:107:13-49
126        <activity
126-->src/main/AndroidManifest.xml:108:9-111:52
127            android:name="com.samyotech.laundrymitra.ui.activity.ChatList"
127-->src/main/AndroidManifest.xml:109:13-49
128            android:launchMode="singleTop"
128-->src/main/AndroidManifest.xml:110:13-43
129            android:screenOrientation="portrait" />
129-->src/main/AndroidManifest.xml:111:13-49
130        <activity
130-->src/main/AndroidManifest.xml:112:9-115:63
131            android:name="com.samyotech.laundrymitra.utils.MainFragment"
131-->src/main/AndroidManifest.xml:113:13-47
132            android:screenOrientation="portrait"
132-->src/main/AndroidManifest.xml:114:13-49
133            android:windowSoftInputMode="stateAlwaysHidden" />
133-->src/main/AndroidManifest.xml:115:13-60
134        <activity
134-->src/main/AndroidManifest.xml:116:9-119:63
135            android:name="com.samyotech.laundrymitra.ui.activity.IpayMuPayment"
135-->src/main/AndroidManifest.xml:117:13-54
136            android:screenOrientation="portrait"
136-->src/main/AndroidManifest.xml:118:13-49
137            android:windowSoftInputMode="stateAlwaysHidden" />
137-->src/main/AndroidManifest.xml:119:13-60
138        <activity
138-->src/main/AndroidManifest.xml:120:9-151:20
139            android:name="com.samyotech.laundrymitra.MainActivity"
139-->src/main/AndroidManifest.xml:121:13-41
140            android:screenOrientation="portrait" >
140-->src/main/AndroidManifest.xml:122:13-49
141            <intent-filter>
141-->src/main/AndroidManifest.xml:123:13-127:29
142                <action android:name="android.intent.action.MAIN" />
142-->src/main/AndroidManifest.xml:124:17-69
142-->src/main/AndroidManifest.xml:124:25-66
143
144                <category android:name="android.intent.category.LAUNCHER" />
144-->src/main/AndroidManifest.xml:126:17-77
144-->src/main/AndroidManifest.xml:126:27-74
145            </intent-filter>
146            <intent-filter android:label="WinLaundry" >
146-->src/main/AndroidManifest.xml:128:13-139:29
146-->src/main/AndroidManifest.xml:128:28-54
147                <action android:name="android.intent.action.VIEW" />
147-->src/main/AndroidManifest.xml:129:17-69
147-->src/main/AndroidManifest.xml:129:25-66
148
149                <category android:name="android.intent.category.DEFAULT" />
149-->src/main/AndroidManifest.xml:131:17-76
149-->src/main/AndroidManifest.xml:131:27-73
150                <category android:name="android.intent.category.BROWSABLE" />
150-->src/main/AndroidManifest.xml:132:17-78
150-->src/main/AndroidManifest.xml:132:27-75
151
152                <data
152-->src/main/AndroidManifest.xml:134:17-137:45
153                    android:host="laundryapp.windigitalkhatulistiwa.com"
153-->src/main/AndroidManifest.xml:135:21-73
154                    android:pathPrefix="/app"
154-->src/main/AndroidManifest.xml:136:21-46
155                    android:scheme="http" />
155-->src/main/AndroidManifest.xml:137:21-42
156                <!-- note that the leading "/" is required for pathPrefix -->
157            </intent-filter>
158            <intent-filter android:label="WinLaundry" >
158-->src/main/AndroidManifest.xml:140:13-150:29
158-->src/main/AndroidManifest.xml:140:28-54
159                <action android:name="android.intent.action.VIEW" />
159-->src/main/AndroidManifest.xml:129:17-69
159-->src/main/AndroidManifest.xml:129:25-66
160
161                <category android:name="android.intent.category.DEFAULT" />
161-->src/main/AndroidManifest.xml:131:17-76
161-->src/main/AndroidManifest.xml:131:27-73
162                <category android:name="android.intent.category.BROWSABLE" />
162-->src/main/AndroidManifest.xml:132:17-78
162-->src/main/AndroidManifest.xml:132:27-75
163
164                <data
164-->src/main/AndroidManifest.xml:134:17-137:45
165                    android:host="winlaundry"
165-->src/main/AndroidManifest.xml:135:21-73
166                    android:scheme="app" />
166-->src/main/AndroidManifest.xml:137:21-42
167                <!-- note that the leading "/" is required for pathPrefix -->
168            </intent-filter>
169        </activity>
170        <activity
170-->src/main/AndroidManifest.xml:152:9-174:20
171            android:name="com.schibstedspain.leku.LocationPickerActivity"
171-->src/main/AndroidManifest.xml:153:13-74
172            android:label="@string/leku_title_activity_location_picker"
172-->src/main/AndroidManifest.xml:154:13-72
173            android:parentActivityName="com.samyotech.laundrymitra.ui.activity.Dashboard"
173-->src/main/AndroidManifest.xml:155:13-64
174            android:theme="@style/AppTheme.Map"
174-->src/main/AndroidManifest.xml:156:13-48
175            android:windowSoftInputMode="adjustPan" >
175-->src/main/AndroidManifest.xml:157:13-52
176            <intent-filter>
176-->src/main/AndroidManifest.xml:158:13-160:29
177                <action android:name="android.intent.action.SEARCH" />
177-->src/main/AndroidManifest.xml:159:17-71
177-->src/main/AndroidManifest.xml:159:25-68
178            </intent-filter>
179
180            <meta-data
180-->src/main/AndroidManifest.xml:162:13-164:59
181                android:name="android.app.searchable"
181-->src/main/AndroidManifest.xml:163:17-54
182                android:resource="@xml/leku_searchable" />
182-->src/main/AndroidManifest.xml:164:17-56
183            <meta-data
183-->src/main/AndroidManifest.xml:165:13-167:84
184                android:name="android.support.PARENT_ACTIVITY"
184-->src/main/AndroidManifest.xml:166:17-63
185                android:value="com.samyotech.laundrymitra.ui.activity.Dashboard" />
185-->src/main/AndroidManifest.xml:167:17-81
186            <meta-data
186-->src/main/AndroidManifest.xml:168:13-170:64
187                android:name="com.google.firebase.messaging.default_notification_icon"
187-->src/main/AndroidManifest.xml:169:17-87
188                android:resource="@mipmap/ic_launcher_round" />
188-->src/main/AndroidManifest.xml:170:17-61
189            <meta-data
189-->src/main/AndroidManifest.xml:171:13-173:73
190                android:name="com.google.android.gms.version"
190-->src/main/AndroidManifest.xml:172:17-62
191                android:value="@integer/google_play_services_version" />
191-->src/main/AndroidManifest.xml:173:17-70
192        </activity>
193        <activity android:name="com.samyotech.laundrymitra.ui.activity.ServiceActivity" />
193-->src/main/AndroidManifest.xml:175:9-65
193-->src/main/AndroidManifest.xml:175:19-62
194
195        <service
195-->src/main/AndroidManifest.xml:177:9-184:19
196            android:name="com.samyotech.laundrymitra.MyFirebaseMessagingService"
196-->src/main/AndroidManifest.xml:178:13-55
197            android:exported="false" >
197-->src/main/AndroidManifest.xml:179:13-37
198            <intent-filter>
198-->src/main/AndroidManifest.xml:180:13-183:29
199                <action android:name="com.google.firebase.INSTANCE_ID_EVENT" />
199-->src/main/AndroidManifest.xml:181:17-80
199-->src/main/AndroidManifest.xml:181:25-77
200                <action android:name="com.google.firebase.MESSAGING_EVENT" />
200-->src/main/AndroidManifest.xml:182:17-78
200-->src/main/AndroidManifest.xml:182:25-75
201            </intent-filter>
202        </service>
203
204        <provider
204-->src/main/AndroidManifest.xml:186:9-194:20
205            android:name="androidx.core.content.FileProvider"
205-->src/main/AndroidManifest.xml:187:13-62
206            android:authorities="com.samyotech.laundrymitra.fileprovider"
206-->src/main/AndroidManifest.xml:188:13-74
207            android:exported="false"
207-->src/main/AndroidManifest.xml:189:13-37
208            android:grantUriPermissions="true" >
208-->src/main/AndroidManifest.xml:190:13-47
209            <meta-data
209-->src/main/AndroidManifest.xml:191:13-193:53
210                android:name="android.support.FILE_PROVIDER_PATHS"
210-->src/main/AndroidManifest.xml:192:17-67
211                android:resource="@xml/filepaths" />
211-->src/main/AndroidManifest.xml:193:17-50
212        </provider> <!-- android:permission="com.google.android.gms.auth.api.phone.permission.SEND" -->
213        <!--  -->
214        <receiver
214-->src/main/AndroidManifest.xml:196:9-203:20
215            android:name="com.samyotech.laundrymitra.widget.SmsBroadcastReceiver"
215-->src/main/AndroidManifest.xml:197:13-56
216            android:exported="true"
216-->src/main/AndroidManifest.xml:198:13-36
217            android:permission="com.google.android.gms.auth.api.phone.permission.SEND" >
217-->src/main/AndroidManifest.xml:199:13-87
218            <intent-filter>
218-->src/main/AndroidManifest.xml:200:13-202:29
219                <action android:name="com.google.android.gms.auth.api.phone.SMS_RETRIEVED" />
219-->src/main/AndroidManifest.xml:201:17-94
219-->src/main/AndroidManifest.xml:201:25-91
220            </intent-filter>
221        </receiver>
222
223        <service
223-->[net.gotev:uploadservice:2.1] AndroidManifest.xml:16:9-20:19
224            android:name="net.gotev.uploadservice.UploadService"
224-->[net.gotev:uploadservice:2.1] AndroidManifest.xml:17:13-65
225            android:enabled="true"
225-->[net.gotev:uploadservice:2.1] AndroidManifest.xml:18:13-35
226            android:exported="true" >
226-->[net.gotev:uploadservice:2.1] AndroidManifest.xml:19:13-36
227        </service> <!-- Autocomplete -->
228        <activity
228-->[com.google.android.libraries.places:places-compat:2.4.0] AndroidManifest.xml:16:9-23:20
229            android:name="com.google.android.libraries.places.widget.AutocompleteActivity"
229-->[com.google.android.libraries.places:places-compat:2.4.0] AndroidManifest.xml:17:13-91
230            android:exported="false"
230-->[com.google.android.libraries.places:places-compat:2.4.0] AndroidManifest.xml:18:13-37
231            android:hardwareAccelerated="true"
231-->[com.google.android.libraries.places:places-compat:2.4.0] AndroidManifest.xml:19:13-47
232            android:label="@string/places_autocomplete_label"
232-->[com.google.android.libraries.places:places-compat:2.4.0] AndroidManifest.xml:20:13-62
233            android:theme="@style/PlacesAutocompleteOverlay"
233-->[com.google.android.libraries.places:places-compat:2.4.0] AndroidManifest.xml:21:13-61
234            android:windowSoftInputMode="stateAlwaysVisible|adjustPan" >
234-->[com.google.android.libraries.places:places-compat:2.4.0] AndroidManifest.xml:22:13-71
235        </activity>
236        <activity
236-->[com.github.dhaval2404:imagepicker:1.7.5] AndroidManifest.xml:15:9-18:68
237            android:name="com.github.dhaval2404.imagepicker.ImagePickerActivity"
237-->[com.github.dhaval2404:imagepicker:1.7.5] AndroidManifest.xml:16:13-81
238            android:screenOrientation="unspecified"
238-->[com.github.dhaval2404:imagepicker:1.7.5] AndroidManifest.xml:17:13-52
239            android:theme="@style/Theme.Transparent.ImagePicker" />
239-->[com.github.dhaval2404:imagepicker:1.7.5] AndroidManifest.xml:18:13-65
240        <activity
240-->[com.github.dhaval2404:imagepicker:1.7.5] AndroidManifest.xml:19:9-22:72
241            android:name="com.yalantis.ucrop.UCropActivity"
241-->[com.github.dhaval2404:imagepicker:1.7.5] AndroidManifest.xml:20:13-60
242            android:screenOrientation="portrait"
242-->[com.github.dhaval2404:imagepicker:1.7.5] AndroidManifest.xml:21:13-49
243            android:theme="@style/Theme.AppCompat.Light.NoActionBar" />
243-->[com.github.dhaval2404:imagepicker:1.7.5] AndroidManifest.xml:22:13-69
244
245        <provider
245-->[com.github.dhaval2404:imagepicker:1.7.5] AndroidManifest.xml:24:9-32:20
246            android:name="com.github.dhaval2404.imagepicker.ImagePickerFileProvider"
246-->[com.github.dhaval2404:imagepicker:1.7.5] AndroidManifest.xml:25:13-85
247            android:authorities="com.windigitalkhatulistiwa.laundrymitra.imagepicker.provider"
247-->[com.github.dhaval2404:imagepicker:1.7.5] AndroidManifest.xml:26:13-72
248            android:exported="false"
248-->[com.github.dhaval2404:imagepicker:1.7.5] AndroidManifest.xml:27:13-37
249            android:grantUriPermissions="true" >
249-->[com.github.dhaval2404:imagepicker:1.7.5] AndroidManifest.xml:28:13-47
250            <meta-data
250-->src/main/AndroidManifest.xml:191:13-193:53
251                android:name="android.support.FILE_PROVIDER_PATHS"
251-->src/main/AndroidManifest.xml:192:17-67
252                android:resource="@xml/image_picker_provider_paths" />
252-->src/main/AndroidManifest.xml:193:17-50
253        </provider>
254
255        <service
255-->[com.google.firebase:firebase-crashlytics:17.3.0] AndroidManifest.xml:15:9-21:19
256            android:name="com.google.firebase.components.ComponentDiscoveryService"
256-->[com.google.firebase:firebase-crashlytics:17.3.0] AndroidManifest.xml:16:13-84
257            android:directBootAware="true"
257-->[com.google.firebase:firebase-common:19.5.0] AndroidManifest.xml:35:13-43
258            android:exported="false" >
258-->[com.google.firebase:firebase-crashlytics:17.3.0] AndroidManifest.xml:17:13-37
259            <meta-data
259-->[com.google.firebase:firebase-crashlytics:17.3.0] AndroidManifest.xml:18:13-20:85
260                android:name="com.google.firebase.components:com.google.firebase.crashlytics.CrashlyticsRegistrar"
260-->[com.google.firebase:firebase-crashlytics:17.3.0] AndroidManifest.xml:19:17-115
261                android:value="com.google.firebase.components.ComponentRegistrar" />
261-->[com.google.firebase:firebase-crashlytics:17.3.0] AndroidManifest.xml:20:17-82
262            <meta-data
262-->[com.google.firebase:firebase-messaging:21.0.1] AndroidManifest.xml:39:13-41:85
263                android:name="com.google.firebase.components:com.google.firebase.messaging.FirebaseMessagingRegistrar"
263-->[com.google.firebase:firebase-messaging:21.0.1] AndroidManifest.xml:40:17-119
264                android:value="com.google.firebase.components.ComponentRegistrar" />
264-->[com.google.firebase:firebase-messaging:21.0.1] AndroidManifest.xml:41:17-82
265            <meta-data
265-->[com.google.firebase:firebase-auth:20.0.1] AndroidManifest.xml:77:13-79:85
266                android:name="com.google.firebase.components:com.google.firebase.auth.FirebaseAuthRegistrar"
266-->[com.google.firebase:firebase-auth:20.0.1] AndroidManifest.xml:78:17-109
267                android:value="com.google.firebase.components.ComponentRegistrar" />
267-->[com.google.firebase:firebase-auth:20.0.1] AndroidManifest.xml:79:17-82
268            <meta-data
268-->[com.google.firebase:firebase-iid:21.0.1] AndroidManifest.xml:32:13-34:85
269                android:name="com.google.firebase.components:com.google.firebase.iid.Registrar"
269-->[com.google.firebase:firebase-iid:21.0.1] AndroidManifest.xml:33:17-96
270                android:value="com.google.firebase.components.ComponentRegistrar" />
270-->[com.google.firebase:firebase-iid:21.0.1] AndroidManifest.xml:34:17-82
271            <meta-data
271-->[com.google.android.gms:play-services-measurement-api:18.0.0] AndroidManifest.xml:30:13-32:85
272                android:name="com.google.firebase.components:com.google.firebase.analytics.connector.internal.AnalyticsConnectorRegistrar"
272-->[com.google.android.gms:play-services-measurement-api:18.0.0] AndroidManifest.xml:31:17-139
273                android:value="com.google.firebase.components.ComponentRegistrar" />
273-->[com.google.android.gms:play-services-measurement-api:18.0.0] AndroidManifest.xml:32:17-82
274            <meta-data
274-->[com.google.firebase:firebase-installations:16.3.5] AndroidManifest.xml:18:13-20:85
275                android:name="com.google.firebase.components:com.google.firebase.installations.FirebaseInstallationsRegistrar"
275-->[com.google.firebase:firebase-installations:16.3.5] AndroidManifest.xml:19:17-127
276                android:value="com.google.firebase.components.ComponentRegistrar" />
276-->[com.google.firebase:firebase-installations:16.3.5] AndroidManifest.xml:20:17-82
277            <meta-data
277-->[com.google.firebase:firebase-datatransport:17.0.10] AndroidManifest.xml:28:13-30:85
278                android:name="com.google.firebase.components:com.google.firebase.datatransport.TransportRegistrar"
278-->[com.google.firebase:firebase-datatransport:17.0.10] AndroidManifest.xml:29:17-115
279                android:value="com.google.firebase.components.ComponentRegistrar" />
279-->[com.google.firebase:firebase-datatransport:17.0.10] AndroidManifest.xml:30:17-82
280            <!--
281                This registrar is not defined in the dynamic-module-support sdk itself to allow non-firebase
282                clients to use it as well, by defining this registrar in their own core/common library.
283            -->
284            <meta-data
284-->[com.google.firebase:firebase-common:19.5.0] AndroidManifest.xml:43:13-45:85
285                android:name="com.google.firebase.components:com.google.firebase.dynamicloading.DynamicLoadingRegistrar"